18/04/29 01:41:04 INFO client.RMProxy: Connecting to ResourceManager at hadoop-a/192.168.2.54:8032
18/04/29 01:41:04 INFO client.RMProxy: Connecting to ResourceManager at hadoop-a/192.168.2.54:8032
18/04/29 01:41:04 WARN mapreduce.JobResourceUploader: Hadoop command-line option parsing not performed. Implement the Tool interface and execute your application with ToolRunner to remedy this.
18/04/29 01:41:05 INFO mapred.FileInputFormat: Total input files to process : 1
18/04/29 01:41:05 INFO net.NetworkTopology: Adding a new node: /default-rack/192.168.2.54:50010
18/04/29 01:41:05 INFO mapreduce.JobSubmitter: number of splits:298
18/04/29 01:41:05 INFO Configuration.deprecation: yarn.resourcemanager.system-metrics-publisher.enabled is deprecated. Instead, use yarn.system-metrics-publisher.enabled
18/04/29 01:41:05 INFO mapreduce.JobSubmitter: Submitting tokens for job: job_1524707840070_0353
18/04/29 01:41:06 INFO impl.YarnClientImpl: Submitted application application_1524707840070_0353
18/04/29 01:41:06 INFO mapreduce.Job: The url to track the job: http://hadoop-a:8088/proxy/application_1524707840070_0353/
18/04/29 01:41:06 INFO mapreduce.Job: Running job: job_1524707840070_0353
18/04/29 01:41:13 INFO mapreduce.Job: Job job_1524707840070_0353 running in uber mode : false
18/04/29 01:41:13 INFO mapreduce.Job:  map 0% reduce 0%
18/04/29 01:41:34 INFO mapreduce.Job:  map 1% reduce 0%
18/04/29 01:41:35 INFO mapreduce.Job:  map 2% reduce 0%
18/04/29 01:41:36 INFO mapreduce.Job:  map 3% reduce 0%
18/04/29 01:41:37 INFO mapreduce.Job:  map 5% reduce 0%
18/04/29 01:41:38 INFO mapreduce.Job:  map 6% reduce 0%
18/04/29 01:41:43 INFO mapreduce.Job:  map 8% reduce 0%
18/04/29 01:41:45 INFO mapreduce.Job:  map 9% reduce 0%
18/04/29 01:41:54 INFO mapreduce.Job:  map 11% reduce 0%
18/04/29 01:41:55 INFO mapreduce.Job:  map 12% reduce 0%
18/04/29 01:42:03 INFO mapreduce.Job:  map 13% reduce 0%
18/04/29 01:42:06 INFO mapreduce.Job:  map 14% reduce 0%
18/04/29 01:42:09 INFO mapreduce.Job:  map 15% reduce 0%
18/04/29 01:42:10 INFO mapreduce.Job:  map 16% reduce 0%
18/04/29 01:42:12 INFO mapreduce.Job:  map 17% reduce 0%
18/04/29 01:42:15 INFO mapreduce.Job:  map 17% reduce 1%
18/04/29 01:42:16 INFO mapreduce.Job:  map 19% reduce 1%
18/04/29 01:42:20 INFO mapreduce.Job:  map 20% reduce 1%
18/04/29 01:42:30 INFO mapreduce.Job:  map 21% reduce 1%
18/04/29 01:42:32 INFO mapreduce.Job:  map 22% reduce 1%
18/04/29 01:42:34 INFO mapreduce.Job:  map 22% reduce 2%
18/04/29 01:42:35 INFO mapreduce.Job:  map 23% reduce 2%
18/04/29 01:42:39 INFO mapreduce.Job:  map 25% reduce 2%
18/04/29 01:42:40 INFO mapreduce.Job:  map 26% reduce 2%
18/04/29 01:42:45 INFO mapreduce.Job:  map 27% reduce 2%
18/04/29 01:42:47 INFO mapreduce.Job:  map 27% reduce 3%
18/04/29 01:42:54 INFO mapreduce.Job:  map 29% reduce 3%
18/04/29 01:43:00 INFO mapreduce.Job:  map 30% reduce 4%
18/04/29 01:43:02 INFO mapreduce.Job:  map 31% reduce 4%
18/04/29 01:43:03 INFO mapreduce.Job:  map 32% reduce 4%
18/04/29 01:43:06 INFO mapreduce.Job:  map 33% reduce 4%
18/04/29 01:43:08 INFO mapreduce.Job:  map 34% reduce 4%
18/04/29 01:43:13 INFO mapreduce.Job:  map 35% reduce 5%
18/04/29 01:43:20 INFO mapreduce.Job:  map 36% reduce 5%
18/04/29 01:43:24 INFO mapreduce.Job:  map 36% reduce 6%
18/04/29 01:43:26 INFO mapreduce.Job:  map 37% reduce 6%
18/04/29 01:43:27 INFO mapreduce.Job:  map 38% reduce 6%
18/04/29 01:43:30 INFO mapreduce.Job:  map 39% reduce 6%
18/04/29 01:43:33 INFO mapreduce.Job:  map 40% reduce 6%
18/04/29 01:43:35 INFO mapreduce.Job:  map 41% reduce 6%
18/04/29 01:43:36 INFO mapreduce.Job:  map 42% reduce 6%
18/04/29 01:43:37 INFO mapreduce.Job:  map 43% reduce 6%
18/04/29 01:43:40 INFO mapreduce.Job:  map 44% reduce 7%
18/04/29 01:43:52 INFO mapreduce.Job:  map 45% reduce 7%
18/04/29 01:43:55 INFO mapreduce.Job:  map 45% reduce 8%
18/04/29 01:43:56 INFO mapreduce.Job:  map 46% reduce 8%
18/04/29 01:43:57 INFO mapreduce.Job:  map 47% reduce 8%
18/04/29 01:43:58 INFO mapreduce.Job:  map 48% reduce 8%
18/04/29 01:44:00 INFO mapreduce.Job:  map 49% reduce 8%
18/04/29 01:44:03 INFO mapreduce.Job:  map 50% reduce 8%
18/04/29 01:44:06 INFO mapreduce.Job:  map 51% reduce 8%
18/04/29 01:44:07 INFO mapreduce.Job:  map 52% reduce 8%
18/04/29 01:44:08 INFO mapreduce.Job:  map 52% reduce 9%
18/04/29 01:44:15 INFO mapreduce.Job:  map 53% reduce 9%
18/04/29 01:44:17 INFO mapreduce.Job:  map 53% reduce 10%
18/04/29 01:44:22 INFO mapreduce.Job:  map 54% reduce 10%
18/04/29 01:44:25 INFO mapreduce.Job:  map 55% reduce 10%
18/04/29 01:44:26 INFO mapreduce.Job:  map 56% reduce 10%
18/04/29 01:44:31 INFO mapreduce.Job:  map 57% reduce 11%
18/04/29 01:44:33 INFO mapreduce.Job:  map 58% reduce 11%
18/04/29 01:44:34 INFO mapreduce.Job:  map 59% reduce 11%
18/04/29 01:44:38 INFO mapreduce.Job:  map 60% reduce 11%
18/04/29 01:44:40 INFO mapreduce.Job:  map 60% reduce 12%
18/04/29 01:44:42 INFO mapreduce.Job:  map 61% reduce 12%
18/04/29 01:44:50 INFO mapreduce.Job:  map 61% reduce 13%
18/04/29 01:44:51 INFO mapreduce.Job:  map 62% reduce 13%
18/04/29 01:44:54 INFO mapreduce.Job:  map 64% reduce 13%
18/04/29 01:44:59 INFO mapreduce.Job:  map 65% reduce 13%
18/04/29 01:45:00 INFO mapreduce.Job:  map 65% reduce 14%
18/04/29 01:45:02 INFO mapreduce.Job:  map 66% reduce 14%
18/04/29 01:45:03 INFO mapreduce.Job:  map 67% reduce 14%
18/04/29 01:45:09 INFO mapreduce.Job:  map 68% reduce 14%
18/04/29 01:45:11 INFO mapreduce.Job:  map 68% reduce 15%
18/04/29 01:45:12 INFO mapreduce.Job:  map 69% reduce 15%
18/04/29 01:45:18 INFO mapreduce.Job:  map 70% reduce 15%
18/04/29 01:45:21 INFO mapreduce.Job:  map 71% reduce 16%
18/04/29 01:45:26 INFO mapreduce.Job:  map 72% reduce 16%
18/04/29 01:45:30 INFO mapreduce.Job:  map 73% reduce 16%
18/04/29 01:45:31 INFO mapreduce.Job:  map 74% reduce 16%
18/04/29 01:45:32 INFO mapreduce.Job:  map 74% reduce 17%
18/04/29 01:45:33 INFO mapreduce.Job:  map 75% reduce 17%
18/04/29 01:45:37 INFO mapreduce.Job:  map 76% reduce 17%
18/04/29 01:45:44 INFO mapreduce.Job:  map 77% reduce 17%
18/04/29 01:45:45 INFO mapreduce.Job:  map 77% reduce 18%
18/04/29 01:45:49 INFO mapreduce.Job:  map 78% reduce 18%
18/04/29 01:45:53 INFO mapreduce.Job:  map 79% reduce 18%
18/04/29 01:45:54 INFO mapreduce.Job:  map 80% reduce 18%
18/04/29 01:45:56 INFO mapreduce.Job:  map 81% reduce 18%
18/04/29 01:45:59 INFO mapreduce.Job:  map 81% reduce 19%
18/04/29 01:46:03 INFO mapreduce.Job:  map 82% reduce 19%
18/04/29 01:46:09 INFO mapreduce.Job:  map 83% reduce 19%
18/04/29 01:46:11 INFO mapreduce.Job:  map 83% reduce 20%
18/04/29 01:46:13 INFO mapreduce.Job:  map 84% reduce 20%
18/04/29 01:46:17 INFO mapreduce.Job:  map 85% reduce 20%
18/04/29 01:46:19 INFO mapreduce.Job:  map 86% reduce 20%
18/04/29 01:46:21 INFO mapreduce.Job:  map 87% reduce 20%
18/04/29 01:46:25 INFO mapreduce.Job:  map 87% reduce 21%
18/04/29 01:46:26 INFO mapreduce.Job:  map 88% reduce 21%
18/04/29 01:46:33 INFO mapreduce.Job:  map 89% reduce 21%
18/04/29 01:46:37 INFO mapreduce.Job:  map 90% reduce 21%
18/04/29 01:46:39 INFO mapreduce.Job:  map 91% reduce 21%
18/04/29 01:46:41 INFO mapreduce.Job:  map 92% reduce 21%
18/04/29 01:46:45 INFO mapreduce.Job:  map 93% reduce 22%
18/04/29 01:46:51 INFO mapreduce.Job:  map 94% reduce 22%
18/04/29 01:46:55 INFO mapreduce.Job:  map 95% reduce 22%
18/04/29 01:46:57 INFO mapreduce.Job:  map 96% reduce 22%
18/04/29 01:46:58 INFO mapreduce.Job:  map 96% reduce 23%
18/04/29 01:46:59 INFO mapreduce.Job:  map 97% reduce 23%
18/04/29 01:47:03 INFO mapreduce.Job:  map 98% reduce 23%
18/04/29 01:47:08 INFO mapreduce.Job:  map 99% reduce 23%
18/04/29 01:47:15 INFO mapreduce.Job:  map 100% reduce 24%
18/04/29 01:47:27 INFO mapreduce.Job:  map 100% reduce 25%
18/04/29 01:47:34 INFO mapreduce.Job:  map 100% reduce 26%
18/04/29 01:47:42 INFO mapreduce.Job:  map 100% reduce 27%
18/04/29 01:47:49 INFO mapreduce.Job:  map 100% reduce 28%
18/04/29 01:47:58 INFO mapreduce.Job:  map 100% reduce 29%
18/04/29 01:48:07 INFO mapreduce.Job:  map 100% reduce 30%
18/04/29 01:48:18 INFO mapreduce.Job:  map 100% reduce 31%
18/04/29 01:48:26 INFO mapreduce.Job:  map 100% reduce 32%
18/04/29 01:48:40 INFO mapreduce.Job:  map 100% reduce 33%
18/04/29 01:48:55 INFO mapreduce.Job:  map 100% reduce 34%
18/04/29 01:48:58 INFO mapreduce.Job:  map 100% reduce 35%
18/04/29 01:49:01 INFO mapreduce.Job:  map 100% reduce 36%
18/04/29 01:49:04 INFO mapreduce.Job:  map 100% reduce 37%
18/04/29 01:49:08 INFO mapreduce.Job:  map 100% reduce 38%
18/04/29 01:49:10 INFO mapreduce.Job:  map 100% reduce 39%
18/04/29 01:49:13 INFO mapreduce.Job:  map 100% reduce 40%
18/04/29 01:49:16 INFO mapreduce.Job:  map 100% reduce 41%
18/04/29 01:49:19 INFO mapreduce.Job:  map 100% reduce 42%
18/04/29 01:49:20 INFO mapreduce.Job:  map 100% reduce 43%
18/04/29 01:49:22 INFO mapreduce.Job:  map 100% reduce 44%
18/04/29 01:49:25 INFO mapreduce.Job:  map 100% reduce 45%
18/04/29 01:49:26 INFO mapreduce.Job:  map 100% reduce 46%
18/04/29 01:49:28 INFO mapreduce.Job:  map 100% reduce 47%
18/04/29 01:49:31 INFO mapreduce.Job:  map 100% reduce 48%
18/04/29 01:49:34 INFO mapreduce.Job:  map 100% reduce 50%
18/04/29 01:49:37 INFO mapreduce.Job:  map 100% reduce 51%
18/04/29 01:49:38 INFO mapreduce.Job:  map 100% reduce 52%
18/04/29 01:49:40 INFO mapreduce.Job:  map 100% reduce 53%
18/04/29 01:49:43 INFO mapreduce.Job:  map 100% reduce 54%
18/04/29 01:49:44 INFO mapreduce.Job:  map 100% reduce 55%
18/04/29 01:49:46 INFO mapreduce.Job:  map 100% reduce 57%
18/04/29 01:49:49 INFO mapreduce.Job:  map 100% reduce 58%
18/04/29 01:49:50 INFO mapreduce.Job:  map 100% reduce 59%
18/04/29 01:49:52 INFO mapreduce.Job:  map 100% reduce 60%
18/04/29 01:49:55 INFO mapreduce.Job:  map 100% reduce 61%
18/04/29 01:49:56 INFO mapreduce.Job:  map 100% reduce 62%
18/04/29 01:49:58 INFO mapreduce.Job:  map 100% reduce 64%
18/04/29 01:50:01 INFO mapreduce.Job:  map 100% reduce 65%
18/04/29 01:50:04 INFO mapreduce.Job:  map 100% reduce 67%
18/04/29 01:50:07 INFO mapreduce.Job:  map 100% reduce 68%
18/04/29 01:50:08 INFO mapreduce.Job:  map 100% reduce 69%
18/04/29 01:50:10 INFO mapreduce.Job:  map 100% reduce 71%
18/04/29 01:50:13 INFO mapreduce.Job:  map 100% reduce 72%
18/04/29 01:50:14 INFO mapreduce.Job:  map 100% reduce 73%
18/04/29 01:50:16 INFO mapreduce.Job:  map 100% reduce 74%
18/04/29 01:50:19 INFO mapreduce.Job:  map 100% reduce 75%
18/04/29 01:50:20 INFO mapreduce.Job:  map 100% reduce 76%
18/04/29 01:50:22 INFO mapreduce.Job:  map 100% reduce 78%
18/04/29 01:50:26 INFO mapreduce.Job:  map 100% reduce 79%
18/04/29 01:50:29 INFO mapreduce.Job:  map 100% reduce 80%
18/04/29 01:50:32 INFO mapreduce.Job:  map 100% reduce 82%
18/04/29 01:50:35 INFO mapreduce.Job:  map 100% reduce 83%
18/04/29 01:50:37 INFO mapreduce.Job:  map 100% reduce 85%
18/04/29 01:50:40 INFO mapreduce.Job:  map 100% reduce 86%
18/04/29 01:50:44 INFO mapreduce.Job:  map 100% reduce 87%
18/04/29 01:50:47 INFO mapreduce.Job:  map 100% reduce 88%
18/04/29 01:50:50 INFO mapreduce.Job:  map 100% reduce 89%
18/04/29 01:50:53 INFO mapreduce.Job:  map 100% reduce 90%
18/04/29 01:50:55 INFO mapreduce.Job:  map 100% reduce 91%
18/04/29 01:50:59 INFO mapreduce.Job:  map 100% reduce 92%
18/04/29 01:51:02 INFO mapreduce.Job:  map 100% reduce 93%
18/04/29 01:51:05 INFO mapreduce.Job:  map 100% reduce 94%
18/04/29 01:51:10 INFO mapreduce.Job:  map 100% reduce 95%
18/04/29 01:51:14 INFO mapreduce.Job:  map 100% reduce 96%
18/04/29 01:51:17 INFO mapreduce.Job:  map 100% reduce 97%
18/04/29 01:51:23 INFO mapreduce.Job:  map 100% reduce 98%
18/04/29 01:51:35 INFO mapreduce.Job:  map 100% reduce 99%
18/04/29 01:51:41 INFO mapreduce.Job:  map 100% reduce 100%
18/04/29 01:51:56 INFO mapreduce.Job: Job job_1524707840070_0353 completed successfully
18/04/29 01:51:57 INFO mapreduce.Job: Counters: 51
	File System Counters
		FILE: Number of bytes read=10307480804
		FILE: Number of bytes written=15930844587
		FILE: Number of read operations=0
		FILE: Number of large read operations=0
		FILE: Number of write operations=0
		HDFS: Number of bytes read=20001246610
		HDFS: Number of bytes written=20000000000
		HDFS: Number of read operations=912
		HDFS: Number of large read operations=0
		HDFS: Number of write operations=12
	Job Counters 
		Killed map tasks=2
		Launched map tasks=300
		Launched reduce tasks=6
		Data-local map tasks=248
		Rack-local map tasks=52
		Total time spent by all maps in occupied slots (ms)=7631674
		Total time spent by all reduces in occupied slots (ms)=3289212
		Total time spent by all map tasks (ms)=7631674
		Total time spent by all reduce tasks (ms)=3289212
		Total vcore-milliseconds taken by all map tasks=7631674
		Total vcore-milliseconds taken by all reduce tasks=3289212
		Total megabyte-milliseconds taken by all map tasks=7814834176
		Total megabyte-milliseconds taken by all reduce tasks=3368153088
	Map-Reduce Framework
		Map input records=200000000
		Map output records=200000000
		Map output bytes=20000000000
		Map output materialized bytes=5561853595
		Input split bytes=30098
		Combine input records=398658842
		Combine output records=398658842
		Reduce input groups=200000000
		Reduce shuffle bytes=5561853595
		Reduce input records=200000000
		Reduce output records=200000000
		Spilled Records=561035906
		Shuffled Maps =1788
		Failed Shuffles=0
		Merged Map outputs=1788
		GC time elapsed (ms)=153860
		CPU time spent (ms)=5848680
		Physical memory (bytes) snapshot=88773230592
		Virtual memory (bytes) snapshot=598756290560
		Total committed heap usage (bytes)=62626725888
	Shuffle Errors
		BAD_ID=0
		CONNECTION=0
		IO_ERROR=0
		WRONG_LENGTH=0
		WRONG_MAP=0
		WRONG_REDUCE=0
	File Input Format Counters 
		Bytes Read=20001216512
	File Output Format Counters 
		Bytes Written=20000000000
Time taken in seconds to sort file using Hadoop is: 654.547
18/04/29 01:52:00 INFO client.RMProxy: Connecting to ResourceManager at hadoop-a/192.168.2.54:8032
18/04/29 01:52:01 INFO input.FileInputFormat: Total input files to process : 6
Spent 92ms computing base-splits.
Spent 7ms computing TeraScheduler splits.
18/04/29 01:52:02 INFO mapreduce.JobSubmitter: number of splits:6
18/04/29 01:52:02 INFO Configuration.deprecation: yarn.resourcemanager.system-metrics-publisher.enabled is deprecated. Instead, use yarn.system-metrics-publisher.enabled
18/04/29 01:52:02 INFO mapreduce.JobSubmitter: Submitting tokens for job: job_1524707840070_0354
18/04/29 01:52:02 INFO impl.YarnClientImpl: Submitted application application_1524707840070_0354
18/04/29 01:52:02 INFO mapreduce.Job: The url to track the job: http://hadoop-a:8088/proxy/application_1524707840070_0354/
18/04/29 01:52:02 INFO mapreduce.Job: Running job: job_1524707840070_0354
18/04/29 01:52:10 INFO mapreduce.Job: Job job_1524707840070_0354 running in uber mode : false
18/04/29 01:52:10 INFO mapreduce.Job:  map 0% reduce 0%
18/04/29 01:52:29 INFO mapreduce.Job:  map 21% reduce 0%
18/04/29 01:52:35 INFO mapreduce.Job:  map 32% reduce 0%
18/04/29 01:52:41 INFO mapreduce.Job:  map 43% reduce 0%
18/04/29 01:52:47 INFO mapreduce.Job:  map 53% reduce 0%
18/04/29 01:52:52 INFO mapreduce.Job:  map 60% reduce 0%
18/04/29 01:52:53 INFO mapreduce.Job:  map 75% reduce 0%
18/04/29 01:52:54 INFO mapreduce.Job:  map 81% reduce 0%
18/04/29 01:52:56 INFO mapreduce.Job:  map 87% reduce 0%
18/04/29 01:52:57 INFO mapreduce.Job:  map 100% reduce 0%
18/04/29 01:52:58 INFO mapreduce.Job:  map 100% reduce 100%
18/04/29 01:52:59 INFO mapreduce.Job: Job job_1524707840070_0354 completed successfully
18/04/29 01:53:00 INFO mapreduce.Job: Counters: 50
	File System Counters
		FILE: Number of bytes read=510
		FILE: Number of bytes written=1413413
		FILE: Number of read operations=0
		FILE: Number of large read operations=0
		FILE: Number of write operations=0
		HDFS: Number of bytes read=20000000744
		HDFS: Number of bytes written=735
		HDFS: Number of read operations=21
		HDFS: Number of large read operations=0
		HDFS: Number of write operations=2
	Job Counters 
		Launched map tasks=6
		Launched reduce tasks=1
		Data-local map tasks=5
		Rack-local map tasks=1
		Total time spent by all maps in occupied slots (ms)=254894
		Total time spent by all reduces in occupied slots (ms)=4073
		Total time spent by all map tasks (ms)=254894
		Total time spent by all reduce tasks (ms)=4073
		Total vcore-milliseconds taken by all map tasks=254894
		Total vcore-milliseconds taken by all reduce tasks=4073
		Total megabyte-milliseconds taken by all map tasks=261011456
		Total megabyte-milliseconds taken by all reduce tasks=4170752
	Map-Reduce Framework
		Map input records=200000000
		Map output records=18
		Map output bytes=468
		Map output materialized bytes=540
		Input split bytes=744
		Combine input records=0
		Combine output records=0
		Reduce input groups=13
		Reduce shuffle bytes=540
		Reduce input records=18
		Reduce output records=6
		Spilled Records=36
		Shuffled Maps =6
		Failed Shuffles=0
		Merged Map outputs=6
		GC time elapsed (ms)=3310
		CPU time spent (ms)=218140
		Physical memory (bytes) snapshot=1979703296
		Virtual memory (bytes) snapshot=13828104192
		Total committed heap usage (bytes)=1370488832
	Shuffle Errors
		BAD_ID=0
		CONNECTION=0
		IO_ERROR=0
		WRONG_LENGTH=0
		WRONG_MAP=0
		WRONG_REDUCE=0
	File Input Format Counters 
		Bytes Read=20000000000
	File Output Format Counters 
		Bytes Written=735
