18/04/29 01:07:54 INFO client.RMProxy: Connecting to ResourceManager at hadoop-c/192.168.2.63:8032
18/04/29 01:07:54 INFO client.RMProxy: Connecting to ResourceManager at hadoop-c/192.168.2.63:8032
18/04/29 01:07:54 WARN mapreduce.JobResourceUploader: Hadoop command-line option parsing not performed. Implement the Tool interface and execute your application with ToolRunner to remedy this.
18/04/29 01:07:55 INFO mapred.FileInputFormat: Total input files to process : 1
18/04/29 01:07:55 INFO mapreduce.JobSubmitter: number of splits:120
18/04/29 01:07:55 INFO Configuration.deprecation: yarn.resourcemanager.system-metrics-publisher.enabled is deprecated. Instead, use yarn.system-metrics-publisher.enabled
18/04/29 01:07:55 INFO mapreduce.JobSubmitter: Submitting tokens for job: job_1524808990371_0142
18/04/29 01:07:56 INFO impl.YarnClientImpl: Submitted application application_1524808990371_0142
18/04/29 01:07:56 INFO mapreduce.Job: The url to track the job: http://hadoop-c:8088/proxy/application_1524808990371_0142/
18/04/29 01:07:56 INFO mapreduce.Job: Running job: job_1524808990371_0142
18/04/29 01:08:04 INFO mapreduce.Job: Job job_1524808990371_0142 running in uber mode : false
18/04/29 01:08:04 INFO mapreduce.Job:  map 0% reduce 0%
18/04/29 01:08:22 INFO mapreduce.Job:  map 1% reduce 0%
18/04/29 01:08:25 INFO mapreduce.Job:  map 2% reduce 0%
18/04/29 01:08:26 INFO mapreduce.Job:  map 3% reduce 0%
18/04/29 01:08:27 INFO mapreduce.Job:  map 8% reduce 0%
18/04/29 01:08:28 INFO mapreduce.Job:  map 12% reduce 0%
18/04/29 01:08:29 INFO mapreduce.Job:  map 14% reduce 0%
18/04/29 01:08:30 INFO mapreduce.Job:  map 15% reduce 0%
18/04/29 01:08:31 INFO mapreduce.Job:  map 16% reduce 0%
18/04/29 01:08:32 INFO mapreduce.Job:  map 19% reduce 0%
18/04/29 01:08:35 INFO mapreduce.Job:  map 20% reduce 0%
18/04/29 01:08:36 INFO mapreduce.Job:  map 21% reduce 0%
18/04/29 01:08:37 INFO mapreduce.Job:  map 22% reduce 0%
18/04/29 01:08:42 INFO mapreduce.Job:  map 23% reduce 0%
18/04/29 01:08:50 INFO mapreduce.Job:  map 24% reduce 0%
18/04/29 01:08:51 INFO mapreduce.Job:  map 24% reduce 1%
18/04/29 01:08:52 INFO mapreduce.Job:  map 26% reduce 1%
18/04/29 01:08:53 INFO mapreduce.Job:  map 28% reduce 1%
18/04/29 01:08:55 INFO mapreduce.Job:  map 29% reduce 2%
18/04/29 01:08:56 INFO mapreduce.Job:  map 29% reduce 5%
18/04/29 01:08:57 INFO mapreduce.Job:  map 31% reduce 5%
18/04/29 01:08:58 INFO mapreduce.Job:  map 33% reduce 5%
18/04/29 01:08:59 INFO mapreduce.Job:  map 35% reduce 5%
18/04/29 01:09:00 INFO mapreduce.Job:  map 37% reduce 5%
18/04/29 01:09:01 INFO mapreduce.Job:  map 38% reduce 5%
18/04/29 01:09:02 INFO mapreduce.Job:  map 38% reduce 6%
18/04/29 01:09:06 INFO mapreduce.Job:  map 39% reduce 6%
18/04/29 01:09:07 INFO mapreduce.Job:  map 40% reduce 6%
18/04/29 01:09:08 INFO mapreduce.Job:  map 41% reduce 7%
18/04/29 01:09:12 INFO mapreduce.Job:  map 41% reduce 8%
18/04/29 01:09:13 INFO mapreduce.Job:  map 42% reduce 8%
18/04/29 01:09:15 INFO mapreduce.Job:  map 43% reduce 8%
18/04/29 01:09:18 INFO mapreduce.Job:  map 46% reduce 8%
18/04/29 01:09:19 INFO mapreduce.Job:  map 46% reduce 9%
18/04/29 01:09:20 INFO mapreduce.Job:  map 49% reduce 9%
18/04/29 01:09:21 INFO mapreduce.Job:  map 49% reduce 10%
18/04/29 01:09:22 INFO mapreduce.Job:  map 51% reduce 10%
18/04/29 01:09:24 INFO mapreduce.Job:  map 52% reduce 10%
18/04/29 01:09:26 INFO mapreduce.Job:  map 52% reduce 11%
18/04/29 01:09:29 INFO mapreduce.Job:  map 54% reduce 11%
18/04/29 01:09:30 INFO mapreduce.Job:  map 56% reduce 11%
18/04/29 01:09:31 INFO mapreduce.Job:  map 58% reduce 11%
18/04/29 01:09:33 INFO mapreduce.Job:  map 58% reduce 12%
18/04/29 01:09:35 INFO mapreduce.Job:  map 59% reduce 12%
18/04/29 01:09:37 INFO mapreduce.Job:  map 61% reduce 13%
18/04/29 01:09:40 INFO mapreduce.Job:  map 62% reduce 13%
18/04/29 01:09:41 INFO mapreduce.Job:  map 63% reduce 13%
18/04/29 01:09:42 INFO mapreduce.Job:  map 64% reduce 13%
18/04/29 01:09:43 INFO mapreduce.Job:  map 66% reduce 14%
18/04/29 01:09:45 INFO mapreduce.Job:  map 68% reduce 14%
18/04/29 01:09:46 INFO mapreduce.Job:  map 69% reduce 14%
18/04/29 01:09:47 INFO mapreduce.Job:  map 70% reduce 14%
18/04/29 01:09:49 INFO mapreduce.Job:  map 72% reduce 16%
18/04/29 01:09:53 INFO mapreduce.Job:  map 73% reduce 16%
18/04/29 01:09:57 INFO mapreduce.Job:  map 74% reduce 16%
18/04/29 01:09:58 INFO mapreduce.Job:  map 75% reduce 16%
18/04/29 01:10:00 INFO mapreduce.Job:  map 78% reduce 17%
18/04/29 01:10:03 INFO mapreduce.Job:  map 78% reduce 18%
18/04/29 01:10:06 INFO mapreduce.Job:  map 81% reduce 18%
18/04/29 01:10:07 INFO mapreduce.Job:  map 84% reduce 18%
18/04/29 01:10:08 INFO mapreduce.Job:  map 86% reduce 18%
18/04/29 01:10:09 INFO mapreduce.Job:  map 86% reduce 19%
18/04/29 01:10:10 INFO mapreduce.Job:  map 87% reduce 19%
18/04/29 01:10:11 INFO mapreduce.Job:  map 89% reduce 19%
18/04/29 01:10:13 INFO mapreduce.Job:  map 90% reduce 20%
18/04/29 01:10:14 INFO mapreduce.Job:  map 91% reduce 20%
18/04/29 01:10:19 INFO mapreduce.Job:  map 91% reduce 21%
18/04/29 01:10:21 INFO mapreduce.Job:  map 94% reduce 21%
18/04/29 01:10:22 INFO mapreduce.Job:  map 95% reduce 21%
18/04/29 01:10:23 INFO mapreduce.Job:  map 96% reduce 21%
18/04/29 01:10:25 INFO mapreduce.Job:  map 96% reduce 22%
18/04/29 01:10:26 INFO mapreduce.Job:  map 96% reduce 23%
18/04/29 01:10:28 INFO mapreduce.Job:  map 96% reduce 24%
18/04/29 01:10:29 INFO mapreduce.Job:  map 98% reduce 24%
18/04/29 01:10:31 INFO mapreduce.Job:  map 99% reduce 24%
18/04/29 01:10:32 INFO mapreduce.Job:  map 100% reduce 25%
18/04/29 01:10:33 INFO mapreduce.Job:  map 100% reduce 26%
18/04/29 01:10:38 INFO mapreduce.Job:  map 100% reduce 28%
18/04/29 01:10:43 INFO mapreduce.Job:  map 100% reduce 29%
18/04/29 01:10:44 INFO mapreduce.Job:  map 100% reduce 30%
18/04/29 01:10:46 INFO mapreduce.Job:  map 100% reduce 31%
18/04/29 01:10:50 INFO mapreduce.Job:  map 100% reduce 32%
18/04/29 01:10:51 INFO mapreduce.Job:  map 100% reduce 33%
18/04/29 01:10:55 INFO mapreduce.Job:  map 100% reduce 34%
18/04/29 01:10:56 INFO mapreduce.Job:  map 100% reduce 35%
18/04/29 01:10:57 INFO mapreduce.Job:  map 100% reduce 36%
18/04/29 01:11:01 INFO mapreduce.Job:  map 100% reduce 38%
18/04/29 01:11:02 INFO mapreduce.Job:  map 100% reduce 41%
18/04/29 01:11:04 INFO mapreduce.Job:  map 100% reduce 42%
18/04/29 01:11:07 INFO mapreduce.Job:  map 100% reduce 44%
18/04/29 01:11:08 INFO mapreduce.Job:  map 100% reduce 47%
18/04/29 01:11:10 INFO mapreduce.Job:  map 100% reduce 48%
18/04/29 01:11:13 INFO mapreduce.Job:  map 100% reduce 50%
18/04/29 01:11:14 INFO mapreduce.Job:  map 100% reduce 53%
18/04/29 01:11:15 INFO mapreduce.Job:  map 100% reduce 54%
18/04/29 01:11:16 INFO mapreduce.Job:  map 100% reduce 55%
18/04/29 01:11:18 INFO mapreduce.Job:  map 100% reduce 56%
18/04/29 01:11:20 INFO mapreduce.Job:  map 100% reduce 59%
18/04/29 01:11:21 INFO mapreduce.Job:  map 100% reduce 60%
18/04/29 01:11:22 INFO mapreduce.Job:  map 100% reduce 61%
18/04/29 01:11:24 INFO mapreduce.Job:  map 100% reduce 62%
18/04/29 01:11:26 INFO mapreduce.Job:  map 100% reduce 66%
18/04/29 01:11:27 INFO mapreduce.Job:  map 100% reduce 67%
18/04/29 01:11:28 INFO mapreduce.Job:  map 100% reduce 68%
18/04/29 01:11:30 INFO mapreduce.Job:  map 100% reduce 70%
18/04/29 01:11:32 INFO mapreduce.Job:  map 100% reduce 74%
18/04/29 01:11:33 INFO mapreduce.Job:  map 100% reduce 75%
18/04/29 01:11:34 INFO mapreduce.Job:  map 100% reduce 76%
18/04/29 01:11:36 INFO mapreduce.Job:  map 100% reduce 78%
18/04/29 01:11:38 INFO mapreduce.Job:  map 100% reduce 83%
18/04/29 01:11:39 INFO mapreduce.Job:  map 100% reduce 85%
18/04/29 01:11:40 INFO mapreduce.Job:  map 100% reduce 87%
18/04/29 01:11:44 INFO mapreduce.Job:  map 100% reduce 91%
18/04/29 01:11:45 INFO mapreduce.Job:  map 100% reduce 93%
18/04/29 01:11:46 INFO mapreduce.Job:  map 100% reduce 94%
18/04/29 01:11:51 INFO mapreduce.Job:  map 100% reduce 98%
18/04/29 01:11:52 INFO mapreduce.Job:  map 100% reduce 99%
18/04/29 01:11:53 INFO mapreduce.Job:  map 100% reduce 100%
18/04/29 01:12:01 INFO mapreduce.Job: Job job_1524808990371_0142 completed successfully
18/04/29 01:12:01 INFO mapreduce.Job: Counters: 51
	File System Counters
		FILE: Number of bytes read=3043005000
		FILE: Number of bytes written=5293371369
		FILE: Number of read operations=0
		FILE: Number of large read operations=0
		FILE: Number of write operations=0
		HDFS: Number of bytes read=8000499304
		HDFS: Number of bytes written=8000000000
		HDFS: Number of read operations=378
		HDFS: Number of large read operations=0
		HDFS: Number of write operations=12
	Job Counters 
		Killed map tasks=2
		Launched map tasks=122
		Launched reduce tasks=6
		Data-local map tasks=97
		Rack-local map tasks=25
		Total time spent by all maps in occupied slots (ms)=2880919
		Total time spent by all reduces in occupied slots (ms)=1189566
		Total time spent by all map tasks (ms)=2880919
		Total time spent by all reduce tasks (ms)=1189566
		Total vcore-milliseconds taken by all map tasks=2880919
		Total vcore-milliseconds taken by all reduce tasks=1189566
		Total megabyte-milliseconds taken by all map tasks=2950061056
		Total megabyte-milliseconds taken by all reduce tasks=1218115584
	Map-Reduce Framework
		Map input records=80000000
		Map output records=80000000
		Map output bytes=8000000000
		Map output materialized bytes=2224872827
		Input split bytes=11880
		Combine input records=155300589
		Combine output records=155300589
		Reduce input groups=80000000
		Reduce shuffle bytes=2224872827
		Reduce input records=80000000
		Reduce output records=80000000
		Spilled Records=186834928
		Shuffled Maps =720
		Failed Shuffles=0
		Merged Map outputs=720
		GC time elapsed (ms)=54112
		CPU time spent (ms)=2034390
		Physical memory (bytes) snapshot=37074034688
		Virtual memory (bytes) snapshot=248138584064
		Total committed heap usage (bytes)=25939673088
	Shuffle Errors
		BAD_ID=0
		CONNECTION=0
		IO_ERROR=0
		WRONG_LENGTH=0
		WRONG_MAP=0
		WRONG_REDUCE=0
	File Input Format Counters 
		Bytes Read=8000487424
	File Output Format Counters 
		Bytes Written=8000000000
Time taken in seconds to sort file using Hadoop is: 248.402
18/04/29 01:12:03 INFO client.RMProxy: Connecting to ResourceManager at hadoop-c/192.168.2.63:8032
18/04/29 01:12:04 INFO input.FileInputFormat: Total input files to process : 6
Spent 61ms computing base-splits.
Spent 9ms computing TeraScheduler splits.
18/04/29 01:12:04 INFO mapreduce.JobSubmitter: number of splits:6
18/04/29 01:12:04 INFO Configuration.deprecation: yarn.resourcemanager.system-metrics-publisher.enabled is deprecated. Instead, use yarn.system-metrics-publisher.enabled
18/04/29 01:12:04 INFO mapreduce.JobSubmitter: Submitting tokens for job: job_1524808990371_0143
18/04/29 01:12:05 INFO impl.YarnClientImpl: Submitted application application_1524808990371_0143
18/04/29 01:12:05 INFO mapreduce.Job: The url to track the job: http://hadoop-c:8088/proxy/application_1524808990371_0143/
18/04/29 01:12:05 INFO mapreduce.Job: Running job: job_1524808990371_0143
18/04/29 01:12:12 INFO mapreduce.Job: Job job_1524808990371_0143 running in uber mode : false
18/04/29 01:12:12 INFO mapreduce.Job:  map 0% reduce 0%
18/04/29 01:12:29 INFO mapreduce.Job:  map 43% reduce 0%
18/04/29 01:12:30 INFO mapreduce.Job:  map 86% reduce 0%
18/04/29 01:12:31 INFO mapreduce.Job:  map 100% reduce 0%
18/04/29 01:12:35 INFO mapreduce.Job:  map 100% reduce 100%
18/04/29 01:12:35 INFO mapreduce.Job: Job job_1524808990371_0143 completed successfully
18/04/29 01:12:36 INFO mapreduce.Job: Counters: 49
	File System Counters
		FILE: Number of bytes read=510
		FILE: Number of bytes written=1413413
		FILE: Number of read operations=0
		FILE: Number of large read operations=0
		FILE: Number of write operations=0
		HDFS: Number of bytes read=8000000744
		HDFS: Number of bytes written=735
		HDFS: Number of read operations=21
		HDFS: Number of large read operations=0
		HDFS: Number of write operations=2
	Job Counters 
		Launched map tasks=6
		Launched reduce tasks=1
		Data-local map tasks=6
		Total time spent by all maps in occupied slots (ms)=97176
		Total time spent by all reduces in occupied slots (ms)=3473
		Total time spent by all map tasks (ms)=97176
		Total time spent by all reduce tasks (ms)=3473
		Total vcore-milliseconds taken by all map tasks=97176
		Total vcore-milliseconds taken by all reduce tasks=3473
		Total megabyte-milliseconds taken by all map tasks=99508224
		Total megabyte-milliseconds taken by all reduce tasks=3556352
	Map-Reduce Framework
		Map input records=80000000
		Map output records=18
		Map output bytes=468
		Map output materialized bytes=540
		Input split bytes=744
		Combine input records=0
		Combine output records=0
		Reduce input groups=13
		Reduce shuffle bytes=540
		Reduce input records=18
		Reduce output records=6
		Spilled Records=36
		Shuffled Maps =6
		Failed Shuffles=0
		Merged Map outputs=6
		GC time elapsed (ms)=1655
		CPU time spent (ms)=79370
		Physical memory (bytes) snapshot=1967284224
		Virtual memory (bytes) snapshot=13815500800
		Total committed heap usage (bytes)=1369964544
	Shuffle Errors
		BAD_ID=0
		CONNECTION=0
		IO_ERROR=0
		WRONG_LENGTH=0
		WRONG_MAP=0
		WRONG_REDUCE=0
	File Input Format Counters 
		Bytes Read=8000000000
	File Output Format Counters 
		Bytes Written=735
