18/05/01 06:44:15 INFO client.RMProxy: Connecting to ResourceManager at hadoop-a/192.168.2.54:8032
18/05/01 06:44:16 INFO client.RMProxy: Connecting to ResourceManager at hadoop-a/192.168.2.54:8032
18/05/01 06:44:16 WARN mapreduce.JobResourceUploader: Hadoop command-line option parsing not performed. Implement the Tool interface and execute your application with ToolRunner to remedy this.
18/05/01 06:44:16 INFO mapred.FileInputFormat: Total input files to process : 1
18/05/01 06:44:16 INFO net.NetworkTopology: Adding a new node: /default-rack/192.168.2.26:50010
18/05/01 06:44:16 INFO net.NetworkTopology: Adding a new node: /default-rack/192.168.2.54:50010
18/05/01 06:44:17 INFO mapreduce.JobSubmitter: number of splits:1192
18/05/01 06:44:17 INFO Configuration.deprecation: yarn.resourcemanager.system-metrics-publisher.enabled is deprecated. Instead, use yarn.system-metrics-publisher.enabled
18/05/01 06:44:17 INFO mapreduce.JobSubmitter: Submitting tokens for job: job_1524707840070_0491
18/05/01 06:44:18 INFO impl.YarnClientImpl: Submitted application application_1524707840070_0491
18/05/01 06:44:18 INFO mapreduce.Job: The url to track the job: http://hadoop-a:8088/proxy/application_1524707840070_0491/
18/05/01 06:44:18 INFO mapreduce.Job: Running job: job_1524707840070_0491
18/05/01 06:44:25 INFO mapreduce.Job: Job job_1524707840070_0491 running in uber mode : false
18/05/01 06:44:25 INFO mapreduce.Job:  map 0% reduce 0%
18/05/01 06:44:49 INFO mapreduce.Job:  map 1% reduce 0%
18/05/01 06:44:55 INFO mapreduce.Job:  map 2% reduce 0%
18/05/01 06:45:07 INFO mapreduce.Job:  map 3% reduce 0%
18/05/01 06:45:20 INFO mapreduce.Job:  map 4% reduce 0%
18/05/01 06:45:28 INFO mapreduce.Job:  map 5% reduce 0%
18/05/01 06:45:44 INFO mapreduce.Job:  map 6% reduce 0%
18/05/01 06:45:52 INFO mapreduce.Job:  map 7% reduce 0%
18/05/01 06:46:06 INFO mapreduce.Job:  map 8% reduce 0%
18/05/01 06:46:16 INFO mapreduce.Job:  map 9% reduce 0%
18/05/01 06:46:28 INFO mapreduce.Job:  map 10% reduce 0%
18/05/01 06:46:40 INFO mapreduce.Job:  map 11% reduce 0%
18/05/01 06:46:51 INFO mapreduce.Job:  map 12% reduce 0%
18/05/01 06:47:05 INFO mapreduce.Job:  map 13% reduce 0%
18/05/01 06:47:07 INFO mapreduce.Job:  map 13% reduce 1%
18/05/01 06:47:19 INFO mapreduce.Job:  map 14% reduce 1%
18/05/01 06:47:32 INFO mapreduce.Job:  map 15% reduce 1%
18/05/01 06:47:39 INFO mapreduce.Job:  map 16% reduce 1%
18/05/01 06:47:58 INFO mapreduce.Job:  map 17% reduce 1%
18/05/01 06:48:03 INFO mapreduce.Job:  map 18% reduce 1%
18/05/01 06:48:24 INFO mapreduce.Job:  map 19% reduce 2%
18/05/01 06:48:31 INFO mapreduce.Job:  map 20% reduce 2%
18/05/01 06:48:46 INFO mapreduce.Job:  map 21% reduce 2%
18/05/01 06:48:58 INFO mapreduce.Job:  map 22% reduce 2%
18/05/01 06:49:12 INFO mapreduce.Job:  map 23% reduce 2%
18/05/01 06:49:15 INFO mapreduce.Job:  map 23% reduce 3%
18/05/01 06:49:28 INFO mapreduce.Job:  map 24% reduce 3%
18/05/01 06:49:38 INFO mapreduce.Job:  map 25% reduce 3%
18/05/01 06:49:55 INFO mapreduce.Job:  map 26% reduce 3%
18/05/01 06:50:00 INFO mapreduce.Job:  map 26% reduce 4%
18/05/01 06:50:04 INFO mapreduce.Job:  map 27% reduce 4%
18/05/01 06:50:23 INFO mapreduce.Job:  map 28% reduce 4%
18/05/01 06:50:32 INFO mapreduce.Job:  map 29% reduce 4%
18/05/01 06:50:41 INFO mapreduce.Job:  map 29% reduce 5%
18/05/01 06:50:53 INFO mapreduce.Job:  map 30% reduce 5%
18/05/01 06:50:59 INFO mapreduce.Job:  map 31% reduce 5%
18/05/01 06:51:19 INFO mapreduce.Job:  map 32% reduce 5%
18/05/01 06:51:27 INFO mapreduce.Job:  map 33% reduce 5%
18/05/01 06:51:28 INFO mapreduce.Job:  map 33% reduce 6%
18/05/01 06:51:48 INFO mapreduce.Job:  map 34% reduce 6%
18/05/01 06:52:00 INFO mapreduce.Job:  map 35% reduce 6%
18/05/01 06:52:11 INFO mapreduce.Job:  map 35% reduce 7%
18/05/01 06:52:18 INFO mapreduce.Job:  map 36% reduce 7%
18/05/01 06:52:31 INFO mapreduce.Job:  map 37% reduce 7%
18/05/01 06:52:46 INFO mapreduce.Job:  map 38% reduce 7%
18/05/01 06:53:04 INFO mapreduce.Job:  map 39% reduce 7%
18/05/01 06:53:05 INFO mapreduce.Job:  map 39% reduce 8%
18/05/01 06:53:17 INFO mapreduce.Job:  map 40% reduce 8%
18/05/01 06:53:35 INFO mapreduce.Job:  map 41% reduce 8%
18/05/01 06:53:46 INFO mapreduce.Job:  map 42% reduce 8%
18/05/01 06:53:53 INFO mapreduce.Job:  map 42% reduce 9%
18/05/01 06:54:06 INFO mapreduce.Job:  map 43% reduce 9%
18/05/01 06:54:16 INFO mapreduce.Job:  map 44% reduce 9%
18/05/01 06:54:36 INFO mapreduce.Job:  map 45% reduce 9%
18/05/01 06:54:41 INFO mapreduce.Job:  map 45% reduce 10%
18/05/01 06:54:49 INFO mapreduce.Job:  map 46% reduce 10%
18/05/01 06:55:07 INFO mapreduce.Job:  map 47% reduce 10%
18/05/01 06:55:19 INFO mapreduce.Job:  map 48% reduce 10%
18/05/01 06:55:35 INFO mapreduce.Job:  map 48% reduce 11%
18/05/01 06:55:38 INFO mapreduce.Job:  map 49% reduce 11%
18/05/01 06:55:54 INFO mapreduce.Job:  map 50% reduce 11%
18/05/01 06:56:11 INFO mapreduce.Job:  map 51% reduce 11%
18/05/01 06:56:24 INFO mapreduce.Job:  map 51% reduce 12%
18/05/01 06:56:27 INFO mapreduce.Job:  map 52% reduce 12%
18/05/01 06:56:46 INFO mapreduce.Job:  map 53% reduce 12%
18/05/01 06:57:01 INFO mapreduce.Job:  map 54% reduce 12%
18/05/01 06:57:17 INFO mapreduce.Job:  map 54% reduce 13%
18/05/01 06:57:20 INFO mapreduce.Job:  map 55% reduce 13%
18/05/01 06:57:36 INFO mapreduce.Job:  map 56% reduce 13%
18/05/01 06:57:53 INFO mapreduce.Job:  map 57% reduce 13%
18/05/01 06:58:07 INFO mapreduce.Job:  map 58% reduce 13%
18/05/01 06:58:09 INFO mapreduce.Job:  map 58% reduce 14%
18/05/01 06:58:28 INFO mapreduce.Job:  map 59% reduce 14%
18/05/01 06:58:39 INFO mapreduce.Job:  map 60% reduce 14%
18/05/01 06:59:02 INFO mapreduce.Job:  map 60% reduce 15%
18/05/01 06:59:04 INFO mapreduce.Job:  map 61% reduce 15%
18/05/01 06:59:14 INFO mapreduce.Job:  map 62% reduce 15%
18/05/01 06:59:36 INFO mapreduce.Job:  map 63% reduce 15%
18/05/01 06:59:48 INFO mapreduce.Job:  map 64% reduce 15%
18/05/01 06:59:56 INFO mapreduce.Job:  map 64% reduce 16%
18/05/01 07:00:09 INFO mapreduce.Job:  map 65% reduce 16%
18/05/01 07:00:24 INFO mapreduce.Job:  map 66% reduce 16%
18/05/01 07:00:45 INFO mapreduce.Job:  map 67% reduce 16%
18/05/01 07:00:49 INFO mapreduce.Job:  map 67% reduce 17%
18/05/01 07:01:04 INFO mapreduce.Job:  map 68% reduce 17%
18/05/01 07:01:17 INFO mapreduce.Job:  map 69% reduce 17%
18/05/01 07:01:37 INFO mapreduce.Job:  map 70% reduce 17%
18/05/01 07:01:43 INFO mapreduce.Job:  map 70% reduce 18%
18/05/01 07:01:52 INFO mapreduce.Job:  map 71% reduce 18%
18/05/01 07:02:11 INFO mapreduce.Job:  map 72% reduce 18%
18/05/01 07:02:32 INFO mapreduce.Job:  map 72% reduce 19%
18/05/01 07:02:37 INFO mapreduce.Job:  map 73% reduce 19%
18/05/01 07:02:51 INFO mapreduce.Job:  map 74% reduce 19%
18/05/01 07:03:14 INFO mapreduce.Job:  map 75% reduce 19%
18/05/01 07:03:20 INFO mapreduce.Job:  map 75% reduce 20%
18/05/01 07:03:37 INFO mapreduce.Job:  map 76% reduce 20%
18/05/01 07:03:49 INFO mapreduce.Job:  map 77% reduce 20%
18/05/01 07:04:07 INFO mapreduce.Job:  map 77% reduce 21%
18/05/01 07:04:11 INFO mapreduce.Job:  map 78% reduce 21%
18/05/01 07:04:31 INFO mapreduce.Job:  map 79% reduce 21%
18/05/01 07:04:50 INFO mapreduce.Job:  map 80% reduce 21%
18/05/01 07:04:54 INFO mapreduce.Job:  map 80% reduce 22%
18/05/01 07:05:11 INFO mapreduce.Job:  map 81% reduce 22%
18/05/01 07:05:29 INFO mapreduce.Job:  map 82% reduce 22%
18/05/01 07:05:41 INFO mapreduce.Job:  map 82% reduce 23%
18/05/01 07:05:48 INFO mapreduce.Job:  map 83% reduce 23%
18/05/01 07:06:06 INFO mapreduce.Job:  map 84% reduce 23%
18/05/01 07:06:22 INFO mapreduce.Job:  map 85% reduce 23%
18/05/01 07:06:31 INFO mapreduce.Job:  map 85% reduce 24%
18/05/01 07:06:44 INFO mapreduce.Job:  map 86% reduce 24%
18/05/01 07:07:03 INFO mapreduce.Job:  map 87% reduce 24%
18/05/01 07:07:20 INFO mapreduce.Job:  map 87% reduce 25%
18/05/01 07:07:22 INFO mapreduce.Job:  map 88% reduce 25%
18/05/01 07:07:43 INFO mapreduce.Job:  map 89% reduce 25%
18/05/01 07:08:02 INFO mapreduce.Job:  map 90% reduce 26%
18/05/01 07:08:22 INFO mapreduce.Job:  map 91% reduce 26%
18/05/01 07:08:48 INFO mapreduce.Job:  map 92% reduce 26%
18/05/01 07:08:51 INFO mapreduce.Job:  map 92% reduce 27%
18/05/01 07:09:05 INFO mapreduce.Job:  map 93% reduce 27%
18/05/01 07:09:22 INFO mapreduce.Job:  map 94% reduce 27%
18/05/01 07:09:38 INFO mapreduce.Job:  map 94% reduce 28%
18/05/01 07:09:48 INFO mapreduce.Job:  map 95% reduce 28%
18/05/01 07:10:01 INFO mapreduce.Job:  map 96% reduce 28%
18/05/01 07:10:22 INFO mapreduce.Job:  map 97% reduce 28%
18/05/01 07:10:27 INFO mapreduce.Job:  map 97% reduce 29%
18/05/01 07:10:38 INFO mapreduce.Job:  map 98% reduce 29%
18/05/01 07:10:55 INFO mapreduce.Job:  map 99% reduce 29%
18/05/01 07:11:12 INFO mapreduce.Job:  map 99% reduce 30%
18/05/01 07:11:13 INFO mapreduce.Job:  map 100% reduce 30%
18/05/01 07:11:41 INFO mapreduce.Job:  map 100% reduce 31%
18/05/01 07:12:07 INFO mapreduce.Job:  map 100% reduce 32%
18/05/01 07:12:41 INFO mapreduce.Job:  map 100% reduce 33%
18/05/01 07:13:29 INFO mapreduce.Job:  map 100% reduce 34%
18/05/01 07:13:47 INFO mapreduce.Job:  map 100% reduce 35%
18/05/01 07:13:58 INFO mapreduce.Job:  map 100% reduce 36%
18/05/01 07:14:10 INFO mapreduce.Job:  map 100% reduce 37%
18/05/01 07:14:17 INFO mapreduce.Job:  map 100% reduce 38%
18/05/01 07:14:23 INFO mapreduce.Job:  map 100% reduce 39%
18/05/01 07:14:29 INFO mapreduce.Job:  map 100% reduce 40%
18/05/01 07:14:35 INFO mapreduce.Job:  map 100% reduce 41%
18/05/01 07:14:41 INFO mapreduce.Job:  map 100% reduce 42%
18/05/01 07:14:46 INFO mapreduce.Job:  map 100% reduce 43%
18/05/01 07:14:49 INFO mapreduce.Job:  map 100% reduce 44%
18/05/01 07:14:53 INFO mapreduce.Job:  map 100% reduce 45%
18/05/01 07:14:59 INFO mapreduce.Job:  map 100% reduce 46%
18/05/01 07:15:04 INFO mapreduce.Job:  map 100% reduce 47%
18/05/01 07:15:07 INFO mapreduce.Job:  map 100% reduce 48%
18/05/01 07:15:11 INFO mapreduce.Job:  map 100% reduce 49%
18/05/01 07:15:17 INFO mapreduce.Job:  map 100% reduce 50%
18/05/01 07:15:22 INFO mapreduce.Job:  map 100% reduce 51%
18/05/01 07:15:24 INFO mapreduce.Job:  map 100% reduce 52%
18/05/01 07:15:29 INFO mapreduce.Job:  map 100% reduce 53%
18/05/01 07:15:35 INFO mapreduce.Job:  map 100% reduce 54%
18/05/01 07:15:39 INFO mapreduce.Job:  map 100% reduce 55%
18/05/01 07:15:41 INFO mapreduce.Job:  map 100% reduce 56%
18/05/01 07:15:48 INFO mapreduce.Job:  map 100% reduce 57%
18/05/01 07:15:53 INFO mapreduce.Job:  map 100% reduce 58%
18/05/01 07:15:58 INFO mapreduce.Job:  map 100% reduce 59%
18/05/01 07:16:03 INFO mapreduce.Job:  map 100% reduce 60%
18/05/01 07:16:07 INFO mapreduce.Job:  map 100% reduce 61%
18/05/01 07:16:13 INFO mapreduce.Job:  map 100% reduce 62%
18/05/01 07:16:18 INFO mapreduce.Job:  map 100% reduce 63%
18/05/01 07:16:24 INFO mapreduce.Job:  map 100% reduce 64%
18/05/01 07:16:29 INFO mapreduce.Job:  map 100% reduce 65%
18/05/01 07:16:32 INFO mapreduce.Job:  map 100% reduce 66%
18/05/01 07:16:37 INFO mapreduce.Job:  map 100% reduce 67%
18/05/01 07:16:42 INFO mapreduce.Job:  map 100% reduce 68%
18/05/01 07:16:50 INFO mapreduce.Job:  map 100% reduce 69%
18/05/01 07:16:54 INFO mapreduce.Job:  map 100% reduce 70%
18/05/01 07:17:02 INFO mapreduce.Job:  map 100% reduce 71%
18/05/01 07:17:08 INFO mapreduce.Job:  map 100% reduce 72%
18/05/01 07:17:14 INFO mapreduce.Job:  map 100% reduce 73%
18/05/01 07:17:23 INFO mapreduce.Job:  map 100% reduce 74%
18/05/01 07:17:30 INFO mapreduce.Job:  map 100% reduce 75%
18/05/01 07:17:35 INFO mapreduce.Job:  map 100% reduce 76%
18/05/01 07:17:42 INFO mapreduce.Job:  map 100% reduce 77%
18/05/01 07:17:48 INFO mapreduce.Job:  map 100% reduce 78%
18/05/01 07:17:54 INFO mapreduce.Job:  map 100% reduce 79%
18/05/01 07:18:00 INFO mapreduce.Job:  map 100% reduce 80%
18/05/01 07:18:08 INFO mapreduce.Job:  map 100% reduce 81%
18/05/01 07:18:15 INFO mapreduce.Job:  map 100% reduce 82%
18/05/01 07:18:23 INFO mapreduce.Job:  map 100% reduce 83%
18/05/01 07:18:30 INFO mapreduce.Job:  map 100% reduce 84%
18/05/01 07:18:39 INFO mapreduce.Job:  map 100% reduce 85%
18/05/01 07:18:47 INFO mapreduce.Job:  map 100% reduce 86%
18/05/01 07:18:57 INFO mapreduce.Job:  map 100% reduce 87%
18/05/01 07:19:07 INFO mapreduce.Job:  map 100% reduce 88%
18/05/01 07:19:14 INFO mapreduce.Job:  map 100% reduce 89%
18/05/01 07:19:25 INFO mapreduce.Job:  map 100% reduce 90%
18/05/01 07:19:34 INFO mapreduce.Job:  map 100% reduce 91%
18/05/01 07:19:44 INFO mapreduce.Job:  map 100% reduce 92%
18/05/01 07:19:57 INFO mapreduce.Job:  map 100% reduce 93%
18/05/01 07:20:12 INFO mapreduce.Job:  map 100% reduce 94%
18/05/01 07:20:27 INFO mapreduce.Job:  map 100% reduce 95%
18/05/01 07:20:41 INFO mapreduce.Job:  map 100% reduce 96%
18/05/01 07:20:57 INFO mapreduce.Job:  map 100% reduce 97%
18/05/01 07:21:15 INFO mapreduce.Job:  map 100% reduce 98%
18/05/01 07:21:34 INFO mapreduce.Job:  map 100% reduce 99%
18/05/01 07:21:59 INFO mapreduce.Job:  map 100% reduce 100%
18/05/01 07:22:45 INFO mapreduce.Job: Job job_1524707840070_0491 completed successfully
18/05/01 07:22:46 INFO mapreduce.Job: Counters: 51
	File System Counters
		FILE: Number of bytes read=48016122714
		FILE: Number of bytes written=70528459225
		FILE: Number of read operations=0
		FILE: Number of large read operations=0
		FILE: Number of write operations=0
		HDFS: Number of bytes read=80004998728
		HDFS: Number of bytes written=80000000000
		HDFS: Number of read operations=3600
		HDFS: Number of large read operations=0
		HDFS: Number of write operations=16
	Job Counters 
		Killed map tasks=2
		Launched map tasks=1194
		Launched reduce tasks=8
		Data-local map tasks=989
		Rack-local map tasks=205
		Total time spent by all maps in occupied slots (ms)=32618898
		Total time spent by all reduces in occupied slots (ms)=15923012
		Total time spent by all map tasks (ms)=32618898
		Total time spent by all reduce tasks (ms)=15923012
		Total vcore-milliseconds taken by all map tasks=32618898
		Total vcore-milliseconds taken by all reduce tasks=15923012
		Total megabyte-milliseconds taken by all map tasks=33401751552
		Total megabyte-milliseconds taken by all reduce tasks=16305164288
	Map-Reduce Framework
		Map input records=800000000
		Map output records=800000000
		Map output bytes=80000000000
		Map output materialized bytes=22269932538
		Input split bytes=120392
		Combine input records=0
		Combine output records=0
		Reduce input groups=800000000
		Reduce shuffle bytes=22269932538
		Reduce input records=800000000
		Reduce output records=800000000
		Spilled Records=2470575314
		Shuffled Maps =9536
		Failed Shuffles=0
		Merged Map outputs=9536
		GC time elapsed (ms)=548034
		CPU time spent (ms)=23874760
		Physical memory (bytes) snapshot=349316841472
		Virtual memory (bytes) snapshot=2363610693632
		Total committed heap usage (bytes)=247251599360
	Shuffle Errors
		BAD_ID=0
		CONNECTION=0
		IO_ERROR=0
		WRONG_LENGTH=0
		WRONG_MAP=0
		WRONG_REDUCE=0
	File Input Format Counters 
		Bytes Read=80004878336
	File Output Format Counters 
		Bytes Written=80000000000
Time taken in seconds to sort file using Hadoop is: 2312.498
18/05/01 07:22:51 INFO client.RMProxy: Connecting to ResourceManager at hadoop-a/192.168.2.54:8032
18/05/01 07:22:52 INFO input.FileInputFormat: Total input files to process : 8
Spent 99ms computing base-splits.
Spent 9ms computing TeraScheduler splits.
18/05/01 07:22:52 INFO mapreduce.JobSubmitter: number of splits:8
18/05/01 07:22:52 INFO Configuration.deprecation: yarn.resourcemanager.system-metrics-publisher.enabled is deprecated. Instead, use yarn.system-metrics-publisher.enabled
18/05/01 07:22:52 INFO mapreduce.JobSubmitter: Submitting tokens for job: job_1524707840070_0492
18/05/01 07:22:53 INFO impl.YarnClientImpl: Submitted application application_1524707840070_0492
18/05/01 07:22:53 INFO mapreduce.Job: The url to track the job: http://hadoop-a:8088/proxy/application_1524707840070_0492/
18/05/01 07:22:53 INFO mapreduce.Job: Running job: job_1524707840070_0492
18/05/01 07:23:00 INFO mapreduce.Job: Job job_1524707840070_0492 running in uber mode : false
18/05/01 07:23:00 INFO mapreduce.Job:  map 0% reduce 0%
18/05/01 07:23:18 INFO mapreduce.Job:  map 3% reduce 0%
18/05/01 07:23:19 INFO mapreduce.Job:  map 4% reduce 0%
18/05/01 07:23:20 INFO mapreduce.Job:  map 7% reduce 0%
18/05/01 07:23:24 INFO mapreduce.Job:  map 9% reduce 0%
18/05/01 07:23:25 INFO mapreduce.Job:  map 10% reduce 0%
18/05/01 07:23:26 INFO mapreduce.Job:  map 12% reduce 0%
18/05/01 07:23:30 INFO mapreduce.Job:  map 13% reduce 0%
18/05/01 07:23:31 INFO mapreduce.Job:  map 14% reduce 0%
18/05/01 07:23:32 INFO mapreduce.Job:  map 16% reduce 0%
18/05/01 07:23:36 INFO mapreduce.Job:  map 17% reduce 0%
18/05/01 07:23:37 INFO mapreduce.Job:  map 18% reduce 0%
18/05/01 07:23:38 INFO mapreduce.Job:  map 20% reduce 0%
18/05/01 07:23:42 INFO mapreduce.Job:  map 22% reduce 0%
18/05/01 07:23:45 INFO mapreduce.Job:  map 24% reduce 0%
18/05/01 07:23:48 INFO mapreduce.Job:  map 25% reduce 0%
18/05/01 07:23:49 INFO mapreduce.Job:  map 26% reduce 0%
18/05/01 07:23:51 INFO mapreduce.Job:  map 28% reduce 0%
18/05/01 07:23:54 INFO mapreduce.Job:  map 29% reduce 0%
18/05/01 07:23:55 INFO mapreduce.Job:  map 30% reduce 0%
18/05/01 07:23:57 INFO mapreduce.Job:  map 32% reduce 0%
18/05/01 07:24:00 INFO mapreduce.Job:  map 33% reduce 0%
18/05/01 07:24:01 INFO mapreduce.Job:  map 35% reduce 0%
18/05/01 07:24:03 INFO mapreduce.Job:  map 37% reduce 0%
18/05/01 07:24:06 INFO mapreduce.Job:  map 38% reduce 0%
18/05/01 07:24:07 INFO mapreduce.Job:  map 39% reduce 0%
18/05/01 07:24:09 INFO mapreduce.Job:  map 41% reduce 0%
18/05/01 07:24:12 INFO mapreduce.Job:  map 42% reduce 0%
18/05/01 07:24:13 INFO mapreduce.Job:  map 43% reduce 0%
18/05/01 07:24:15 INFO mapreduce.Job:  map 45% reduce 0%
18/05/01 07:24:18 INFO mapreduce.Job:  map 46% reduce 0%
18/05/01 07:24:19 INFO mapreduce.Job:  map 47% reduce 0%
18/05/01 07:24:21 INFO mapreduce.Job:  map 49% reduce 0%
18/05/01 07:24:24 INFO mapreduce.Job:  map 51% reduce 0%
18/05/01 07:24:25 INFO mapreduce.Job:  map 52% reduce 0%
18/05/01 07:24:27 INFO mapreduce.Job:  map 54% reduce 0%
18/05/01 07:24:30 INFO mapreduce.Job:  map 55% reduce 0%
18/05/01 07:24:31 INFO mapreduce.Job:  map 60% reduce 0%
18/05/01 07:24:33 INFO mapreduce.Job:  map 62% reduce 0%
18/05/01 07:24:36 INFO mapreduce.Job:  map 63% reduce 0%
18/05/01 07:24:37 INFO mapreduce.Job:  map 64% reduce 0%
18/05/01 07:24:39 INFO mapreduce.Job:  map 66% reduce 0%
18/05/01 07:24:42 INFO mapreduce.Job:  map 67% reduce 0%
18/05/01 07:24:44 INFO mapreduce.Job:  map 76% reduce 0%
18/05/01 07:24:45 INFO mapreduce.Job:  map 82% reduce 0%
18/05/01 07:24:46 INFO mapreduce.Job:  map 86% reduce 0%
18/05/01 07:24:47 INFO mapreduce.Job:  map 95% reduce 0%
18/05/01 07:24:48 INFO mapreduce.Job:  map 96% reduce 25%
18/05/01 07:24:49 INFO mapreduce.Job:  map 100% reduce 25%
18/05/01 07:24:50 INFO mapreduce.Job:  map 100% reduce 100%
18/05/01 07:24:50 INFO mapreduce.Job: Job job_1524707840070_0492 completed successfully
18/05/01 07:24:51 INFO mapreduce.Job: Counters: 49
	File System Counters
		FILE: Number of bytes read=686
		FILE: Number of bytes written=1817325
		FILE: Number of read operations=0
		FILE: Number of large read operations=0
		FILE: Number of write operations=0
		HDFS: Number of bytes read=80000000992
		HDFS: Number of bytes written=1020
		HDFS: Number of read operations=27
		HDFS: Number of large read operations=0
		HDFS: Number of write operations=2
	Job Counters 
		Launched map tasks=8
		Launched reduce tasks=1
		Data-local map tasks=8
		Total time spent by all maps in occupied slots (ms)=814111
		Total time spent by all reduces in occupied slots (ms)=16410
		Total time spent by all map tasks (ms)=814111
		Total time spent by all reduce tasks (ms)=16410
		Total vcore-milliseconds taken by all map tasks=814111
		Total vcore-milliseconds taken by all reduce tasks=16410
		Total megabyte-milliseconds taken by all map tasks=833649664
		Total megabyte-milliseconds taken by all reduce tasks=16803840
	Map-Reduce Framework
		Map input records=800000000
		Map output records=24
		Map output bytes=632
		Map output materialized bytes=728
		Input split bytes=992
		Combine input records=0
		Combine output records=0
		Reduce input groups=17
		Reduce shuffle bytes=728
		Reduce input records=24
		Reduce output records=8
		Spilled Records=48
		Shuffled Maps =8
		Failed Shuffles=0
		Merged Map outputs=8
		GC time elapsed (ms)=9628
		CPU time spent (ms)=731230
		Physical memory (bytes) snapshot=2550808576
		Virtual memory (bytes) snapshot=17757577216
		Total committed heap usage (bytes)=1788346368
	Shuffle Errors
		BAD_ID=0
		CONNECTION=0
		IO_ERROR=0
		WRONG_LENGTH=0
		WRONG_MAP=0
		WRONG_REDUCE=0
	File Input Format Counters 
		Bytes Read=80000000000
	File Output Format Counters 
		Bytes Written=1020
